AUROC-Entropy 0.6629935483870967
AUROC-Energy 0.41627526881720434
AUROC-Perplexity 0.5676645161290322
AUROC-Similarity 1.0
AUROC-EigenIndicatorOutput_Seperate_Layers_0 0.40224516129032256
AUROC-EigenIndicatorOutput_Seperate_Layers_1 0.28351827956989245
AUROC-EigenIndicatorOutput_Seperate_Layers_2 0.5438709677419356
AUROC-EigenIndicatorOutput_Seperate_Layers_3 0.5228043010752688
AUROC-EigenIndicatorOutput_Seperate_Layers_4 0.5179956989247312
AUROC-EigenIndicatorOutput_Seperate_Layers_5 0.5236215053763441
AUROC-EigenIndicatorOutput_Seperate_Layers_6 0.4983827956989247
AUROC-EigenIndicatorOutput_Seperate_Layers_7 0.5747526881720431
AUROC-EigenIndicatorOutput_Seperate_Layers_8 0.4110537634408602
AUROC-EigenIndicatorOutput_Seperate_Layers_9 0.5771784946236559
AUROC-EigenIndicatorOutput_Seperate_Layers_10 0.5201462365591398
AUROC-EigenIndicatorOutput_Seperate_Layers_11 0.4651182795698925
AUROC-EigenIndicatorOutput_Seperate_Layers_12 0.4642236559139785
AUROC-EigenIndicatorOutput_Seperate_Layers_13 0.5260559139784946
AUROC-EigenIndicatorOutput_Seperate_Layers_14 0.4571956989247312
AUROC-EigenIndicatorOutput_Seperate_Layers_15 0.45043440860215056
AUROC-EigenIndicatorOutput_Seperate_Layers_16 0.5035354838709677
AUROC-EigenIndicatorOutput_Seperate_Layers_17 0.4917763440860215
AUROC-EigenIndicatorOutput_Seperate_Layers_18 0.5027612903225807
AUROC-EigenIndicatorOutput_Seperate_Layers_19 0.577436559139785
AUROC-EigenIndicatorOutput_Seperate_Layers_20 0.5706494623655914
AUROC-EigenIndicatorOutput_Seperate_Layers_21 0.5350537634408601
AUROC-EigenIndicatorOutput_Seperate_Layers_22 0.5552688172043011
AUROC-EigenIndicatorOutput_Seperate_Layers_23 0.5159053763440861
AUROC-EigenIndicatorOutput_Seperate_Layers_24 0.4884387096774193
AUROC-EigenIndicatorOutput_Seperate_Layers_25 0.4713548387096775
AUROC-EigenIndicatorOutput_Seperate_Layers_26 0.5271053763440859
AUROC-EigenIndicatorOutput_Seperate_Layers_27 0.5144516129032258
AUROC-EigenIndicatorOutput_Seperate_Layers_28 0.5489634408602151
AUROC-EigenIndicatorOutput_Seperate_Layers_29 0.5391397849462365
AUROC-EigenIndicatorOutput_Seperate_Layers_30 0.5155440860215054
AUROC-EigenIndicatorOutput_Seperate_Layers_31 0.48646881720430113
AUROC-EigenIndicatorOutput_Seperate_Layers_32 0.5010408602150538
AUROC-EigenIndicatorOutput_Seperate_Layers_33 0.4130408602150537
AUROC-EigenIndicatorOutput_Seperate_Layers_34 0.5124387096774193
AUROC-EigenIndicatorOutput_Seperate_Layers_35 0.44471397849462363
AUROC-EigenIndicatorOutput_Seperate_Layers_36 0.5435956989247311
AUROC-EigenIndicatorOutput_Seperate_Layers_37 0.49463225806451616
AUROC-EigenIndicatorOutput_Seperate_Layers_38 0.5195354838709678
AUROC-EigenIndicatorOutput_Seperate_Layers_39 0.5347870967741934
AUROC-EigenIndicatorOutput_Seperate_Layers_40 0.4938064516129032
AUROC-EigenIndicatorOutput_Seperate_Layers_41 0.5270795698924731
AUROC-EigenIndicatorOutput_Seperate_Layers_42 0.5192688172043011
AUROC-EigenIndicatorOutput_Seperate_Layers_43 0.5351569892473119
AUROC-EigenIndicatorOutput_Seperate_Layers_44 0.48053333333333337
AUROC-EigenIndicatorOutput_Seperate_Layers_45 0.46334623655913976
AUROC-EigenIndicatorOutput_Seperate_Layers_46 0.5140817204301075
AUROC-EigenIndicatorOutput_Seperate_Layers_47 0.505505376344086
AUROC-EigenIndicatorOutput_Seperate_Layers_48 0.5072430107526882
AUROC-EigenIndicatorOutput_Seperate_Layers_49 0.47706666666666664
AUROC-EigenIndicatorOutput_Seperate_Layers_50 0.5443440860215054
AUROC-EigenIndicatorOutput_Seperate_Layers_51 0.46228817204301076
AUROC-EigenIndicatorOutput_Seperate_Layers_52 0.552068817204301
AUROC-EigenIndicatorOutput_Seperate_Layers_53 0.5205591397849462
AUROC-EigenIndicatorOutput_Seperate_Layers_54 0.5855655913978495
AUROC-EigenIndicatorOutput_Seperate_Layers_55 0.5557591397849463
AUROC-EigenIndicatorOutput_Seperate_Layers_56 0.515836559139785
AUROC-EigenIndicatorOutput_Seperate_Layers_57 0.528705376344086
AUROC-EigenIndicatorOutput_Seperate_Layers_58 0.48739784946236564
AUROC-EigenIndicatorOutput_Seperate_Layers_59 0.5142279569892473
AUROC-EigenIndicatorOutput_Seperate_Layers_60 0.5013849462365592
AUROC-EigenIndicatorOutput_Seperate_Layers_61 0.5261505376344087
AUROC-EigenIndicatorOutput_Seperate_Layers_62 0.48050752688172044
AUROC-EigenIndicatorOutput_Seperate_Layers_63 0.4865806451612903
AUROC-EigenIndicatorOutput_Seperate_Layers_64 0.4768172043010752
AUROC-EigenIndicatorOutput_Seperate_Layers_65 0.3130752688172043
AUROC-EigenIndicatorOutput_Seperate_Layers_66 0.5710881720430108
AUROC-EigenIndicatorOutput_Seperate_Layers_67 0.5452731182795698
AUROC-EigenIndicatorOutput_Seperate_Layers_68 0.529221505376344
AUROC-EigenIndicatorOutput_Seperate_Layers_69 0.5470709677419354
AUROC-EigenIndicatorOutput_Seperate_Layers_70 0.5219096774193549
AUROC-EigenIndicatorOutput_Seperate_Layers_71 0.5194064516129032
AUROC-EigenIndicatorOutput_Seperate_Layers_72 0.5276645161290322
AUROC-EigenIndicatorOutput_Seperate_Layers_73 0.4482494623655914
AUROC-EigenIndicatorOutput_Seperate_Layers_74 0.4820301075268817
AUROC-EigenIndicatorOutput_Seperate_Layers_75 0.5082322580645161
AUROC-EigenIndicatorOutput_Seperate_Layers_76 0.4772903225806452
AUROC-EigenIndicatorOutput_Seperate_Layers_77 0.5029075268817205
AUROC-EigenIndicatorOutput_Seperate_Layers_78 0.4732817204301075
AUROC-EigenIndicatorOutput_Seperate_Layers_79 0.4406709677419355
AUROC-EigenIndicatorOutput_Seperate_Layers_80 0.5473548387096775
AUROC-EigenIndicatorOutput_Seperate_Layers_81 0.4975225806451613
AUROC-EigenIndicatorOutput_Seperate_Layers_82 0.5650580645161289
AUROC-EigenIndicatorOutput_Seperate_Layers_83 0.5064430107526882
AUROC-EigenIndicatorOutput_Seperate_Layers_84 0.44571182795698927
AUROC-EigenIndicatorOutput_Seperate_Layers_85 0.579010752688172
AUROC-EigenIndicatorOutput_Seperate_Layers_86 0.5462451612903225
AUROC-EigenIndicatorOutput_Seperate_Layers_87 0.5093419354838711
AUROC-EigenIndicatorOutput_Seperate_Layers_88 0.5290924731182796
AUROC-EigenIndicatorOutput_Seperate_Layers_89 0.5112774193548387
AUROC-EigenIndicatorOutput_Seperate_Layers_90 0.5133591397849462
AUROC-EigenIndicatorOutput_Seperate_Layers_91 0.5640430107526881
AUROC-EigenIndicatorOutput_Seperate_Layers_92 0.46348387096774196
AUROC-EigenIndicatorOutput_Seperate_Layers_93 0.49367741935483866
AUROC-EigenIndicatorOutput_Seperate_Layers_94 0.5901161290322581
AUROC-EigenIndicatorOutput_Seperate_Layers_95 0.4523440860215054
AUROC-EigenIndicatorOutput_Seperate_Layers_96 0.33414193548387094
AUROC-EigenIndicatorOutput_Seperate_Layers_97 0.40312258064516127
AUROC-EigenIndicatorOutput_Seperate_Layers_98 0.5257118279569892
AUROC-EigenIndicatorOutput_Seperate_Layers_99 0.47540645161290324
AUROC-EigenIndicatorOutput_Seperate_Layers_100 0.5719139784946236
AUROC-EigenIndicatorOutput_Seperate_Layers_101 0.5274322580645161
AUROC-EigenIndicatorOutput_Seperate_Layers_102 0.5363526881720431
AUROC-EigenIndicatorOutput_Seperate_Layers_103 0.5059612903225806
AUROC-EigenIndicatorOutput_Seperate_Layers_104 0.5372215053763442
AUROC-EigenIndicatorOutput_Seperate_Layers_105 0.5111913978494624
AUROC-EigenIndicatorOutput_Seperate_Layers_106 0.3503225806451613
AUROC-EigenIndicatorOutput_Seperate_Layers_107 0.4982451612903226
AUROC-EigenIndicatorOutput_Seperate_Layers_108 0.4210494623655914
AUROC-EigenIndicatorOutput_Seperate_Layers_109 0.4480602150537634
AUROC-EigenIndicatorOutput_Seperate_Layers_110 0.5046451612903226
AUROC-EigenIndicatorOutput_Seperate_Layers_111 0.4052903225806452
AUROC-EigenIndicatorOutput_Seperate_Layers_112 0.45879569892473115
AUROC-EigenIndicatorOutput_Seperate_Layers_113 0.5031225806451612
AUROC-EigenIndicatorOutput_Seperate_Layers_114 0.5697806451612903
AUROC-EigenIndicatorOutput_Seperate_Layers_115 0.4938666666666667
AUROC-EigenIndicatorOutput_Seperate_Layers_116 0.5322924731182795
AUROC-EigenIndicatorOutput_Seperate_Layers_117 0.5173247311827958
AUROC-EigenIndicatorOutput_Seperate_Layers_118 0.5418752688172044
AUROC-EigenIndicatorOutput_Seperate_Layers_119 0.4713204301075269
AUROC-EigenIndicatorOutput_Seperate_Layers_120 0.5344516129032258
AUROC-EigenIndicatorOutput_Seperate_Layers_121 0.5616086021505377
AUROC-EigenIndicatorOutput_Seperate_Layers_122 0.5259698924731183
AUROC-EigenIndicatorOutput_Seperate_Layers_123 0.5434150537634409
AUROC-EigenIndicatorOutput_Seperate_Layers_124 0.4956731182795699
AUROC-EigenIndicatorOutput_Seperate_Layers_125 0.5169978494623655
AUROC-EigenIndicatorOutput_Seperate_Layers_126 0.5175913978494624
AUROC-EigenIndicatorOutput_Seperate_Layers_127 0.57392688172043
AUROC-EigenIndicatorOutput_Seperate_Layers_128 0.4074752688172043
AUROC-EigenIndicatorOutput_Seperate_Layers_129 0.38474838709677417
AUROC-EigenIndicatorOutput_Seperate_Layers_130 0.420094623655914
AUROC-EigenIndicatorOutput_Seperate_Layers_131 0.4897978494623656
AUROC-EigenIndicatorOutput_Seperate_Layers_132 0.523010752688172
AUROC-EigenIndicatorOutput_Seperate_Layers_133 0.5129376344086022
AUROC-EigenIndicatorOutput_Seperate_Layers_134 0.5059440860215054
AUROC-EigenIndicatorOutput_Seperate_Layers_135 0.5134967741935483
AUROC-EigenIndicatorOutput_Seperate_Layers_136 0.49714408602150545
AUROC-EigenIndicatorOutput_Seperate_Layers_137 0.5363526881720431
AUROC-EigenIndicatorOutput_Seperate_Layers_138 0.5962838709677419
AUROC-EigenIndicatorOutput_Seperate_Layers_139 0.542847311827957
AUROC-EigenIndicatorOutput_Seperate_Layers_140 0.6023741935483871
AUROC-EigenIndicatorOutput_Seperate_Layers_141 0.46447311827956994
AUROC-EigenIndicatorOutput_Seperate_Layers_142 0.5351655913978495
AUROC-EigenIndicatorOutput_Seperate_Layers_143 0.4134193548387097
AUROC-EigenIndicatorOutput_Seperate_Layers_144 0.5023741935483871
AUROC-EigenIndicatorOutput_Seperate_Layers_145 0.48948817204301076
AUROC-EigenIndicatorOutput_Seperate_Layers_146 0.4784516129032258
AUROC-EigenIndicatorOutput_Seperate_Layers_147 0.4842752688172043
AUROC-EigenIndicatorOutput_Seperate_Layers_148 0.49901935483870963
AUROC-EigenIndicatorOutput_Seperate_Layers_149 0.5795440860215054
AUROC-EigenIndicatorOutput_Seperate_Layers_150 0.5996215053763441
AUROC-EigenIndicatorOutput_Seperate_Layers_151 0.4644559139784946
AUROC-EigenIndicatorOutput_Seperate_Layers_152 0.5252387096774194
AUROC-EigenIndicatorOutput_Seperate_Layers_153 0.5111569892473118
AUROC-EigenIndicatorOutput_Seperate_Layers_154 0.47706666666666664
AUROC-EigenIndicatorOutput_Seperate_Layers_155 0.5524559139784947
AUROC-EigenIndicatorOutput_Seperate_Layers_156 0.4983741935483872
AUROC-EigenIndicatorOutput_Seperate_Layers_157 0.518468817204301
AUROC-EigenIndicatorOutput_Seperate_Layers_158 0.5124215053763441
AUROC-EigenIndicatorOutput_Seperate_Layers_159 0.3676559139784946
AUROC-EigenIndicatorOutput_Seperate_Layers_160 0.5597677419354838
AUROC-EigenIndicatorOutput_Seperate_Layers_161 0.3488688172043011
AUROC-EigenIndicatorOutput_Seperate_Layers_162 0.543810752688172
AUROC-EigenIndicatorOutput_Seperate_Layers_163 0.5298838709677419
AUROC-EigenIndicatorOutput_Seperate_Layers_164 0.5180215053763441
AUROC-EigenIndicatorOutput_Seperate_Layers_165 0.518331182795699
AUROC-EigenIndicatorOutput_Seperate_Layers_166 0.49795268817204297
AUROC-EigenIndicatorOutput_Seperate_Layers_167 0.5699612903225806
AUROC-EigenIndicatorOutput_Seperate_Layers_168 0.5669333333333333
AUROC-EigenIndicatorOutput_Seperate_Layers_169 0.4930924731182796
AUROC-EigenIndicatorOutput_Seperate_Layers_170 0.5520688172043011
AUROC-EigenIndicatorOutput_Seperate_Layers_171 0.41766881720430105
AUROC-EigenIndicatorOutput_Seperate_Layers_172 0.6018924731182795
AUROC-EigenIndicatorOutput_Seperate_Layers_173 0.49403010752688176
AUROC-EigenIndicatorOutput_Seperate_Layers_174 0.48424086021505375
AUROC-EigenIndicatorOutput_Seperate_Layers_175 0.5046021505376344
AUROC-EigenIndicatorOutput_Seperate_Layers_176 0.5030193548387097
AUROC-EigenIndicatorOutput_Seperate_Layers_177 0.4861935483870968
AUROC-EigenIndicatorOutput_Seperate_Layers_178 0.5361806451612904
AUROC-EigenIndicatorOutput_Seperate_Layers_179 0.5147784946236559
AUROC-EigenIndicatorOutput_Seperate_Layers_180 0.557883870967742
AUROC-EigenIndicatorOutput_Seperate_Layers_181 0.5225376344086021
AUROC-EigenIndicatorOutput_Seperate_Layers_182 0.5192258064516129
AUROC-EigenIndicatorOutput_Seperate_Layers_183 0.4802064516129032
AUROC-EigenIndicatorOutput_Seperate_Layers_184 0.4812301075268818
AUROC-EigenIndicatorOutput_Seperate_Layers_185 0.4933763440860215
AUROC-EigenIndicatorOutput_Seperate_Layers_186 0.5076301075268816
AUROC-EigenIndicatorOutput_Seperate_Layers_187 0.5545548387096775
AUROC-EigenIndicatorOutput_Seperate_Layers_188 0.5134881720430107
AUROC-EigenIndicatorOutput_Seperate_Layers_189 0.5217720430107526
AUROC-EigenIndicatorOutput_Seperate_Layers_190 0.5051182795698924
AUROC-EigenIndicatorOutput_Seperate_Layers_191 0.4926967741935484
AUROC-EigenIndicatorOutput_Seperate_Layers_192 0.4534365591397849
AUROC-EigenIndicatorOutput_Seperate_Layers_193 0.3952
AUROC-EigenIndicatorOutput_Seperate_Layers_194 0.528283870967742
AUROC-EigenIndicatorOutput_Seperate_Layers_195 0.5621591397849462
AUROC-EigenIndicatorOutput_Seperate_Layers_196 0.4266064516129032
AUROC-EigenIndicatorOutput_Seperate_Layers_197 0.5386236559139785
AUROC-EigenIndicatorOutput_Seperate_Layers_198 0.5568
AUROC-EigenIndicatorOutput_Seperate_Layers_199 0.4975397849462366
AUROC-EigenIndicatorOutput_Seperate_Layers_200 0.5672344086021506
AUROC-EigenIndicatorOutput_Seperate_Layers_201 0.524610752688172
AUROC-EigenIndicatorOutput_Seperate_Layers_202 0.5206279569892474
AUROC-EigenIndicatorOutput_Seperate_Layers_203 0.5275268817204302
AUROC-EigenIndicatorOutput_Seperate_Layers_204 0.49341935483870963
AUROC-EigenIndicatorOutput_Seperate_Layers_205 0.546047311827957
AUROC-EigenIndicatorOutput_Seperate_Layers_206 0.5790709677419356
AUROC-EigenIndicatorOutput_Seperate_Layers_207 0.4415741935483871
AUROC-EigenIndicatorOutput_Seperate_Layers_208 0.37626666666666675
AUROC-EigenIndicatorOutput_Seperate_Layers_209 0.47864946236559147
AUROC-EigenIndicatorOutput_Seperate_Layers_210 0.47383225806451607
AUROC-EigenIndicatorOutput_Seperate_Layers_211 0.4816258064516129
AUROC-EigenIndicatorOutput_Seperate_Layers_212 0.473952688172043
AUROC-EigenIndicatorOutput_Seperate_Layers_213 0.49806451612903224
AUROC-EigenIndicatorOutput_Seperate_Layers_214 0.5724043010752689
AUROC-EigenIndicatorOutput_Seperate_Layers_215 0.5083698924731183
AUROC-EigenIndicatorOutput_Seperate_Layers_216 0.48779354838709676
AUROC-EigenIndicatorOutput_Seperate_Layers_217 0.5089892473118279
AUROC-EigenIndicatorOutput_Seperate_Layers_218 0.48006021505376345
AUROC-EigenIndicatorOutput_Seperate_Layers_219 0.5441548387096775
AUROC-EigenIndicatorOutput_Seperate_Layers_220 0.506279569892473
AUROC-EigenIndicatorOutput_Seperate_Layers_221 0.5226752688172044
AUROC-EigenIndicatorOutput_Seperate_Layers_222 0.5167483870967742
AUROC-EigenIndicatorOutput_Seperate_Layers_223 0.4599913978494624
AUROC-EigenIndicatorOutput_Seperate_Layers_224 0.46565161290322576
AUROC-EigenIndicatorOutput_Seperate_Layers_225 0.32308817204301077
AUROC-EigenIndicatorOutput_Seperate_Layers_226 0.5105978494623655
AUROC-EigenIndicatorOutput_Seperate_Layers_227 0.5298408602150537
AUROC-EigenIndicatorOutput_Seperate_Layers_228 0.5422623655913978
AUROC-EigenIndicatorOutput_Seperate_Layers_229 0.4733505376344086
AUROC-EigenIndicatorOutput_Seperate_Layers_230 0.44590107526881717
AUROC-EigenIndicatorOutput_Seperate_Layers_231 0.46267526881720433
AUROC-EigenIndicatorOutput_Seperate_Layers_232 0.5343827956989247
AUROC-EigenIndicatorOutput_Seperate_Layers_233 0.5304688172043011
AUROC-EigenIndicatorOutput_Seperate_Layers_234 0.4486537634408602
AUROC-EigenIndicatorOutput_Seperate_Layers_235 0.5597935483870968
AUROC-EigenIndicatorOutput_Seperate_Layers_236 0.4482494623655914
AUROC-EigenIndicatorOutput_Seperate_Layers_237 0.4125591397849463
AUROC-EigenIndicatorOutput_Seperate_Layers_238 0.5056258064516128
AUROC-EigenIndicatorOutput_Seperate_Layers_239 0.5235956989247312
AUROC-EigenIndicatorOutput_Seperate_Layers_240 0.525058064516129
AUROC-EigenIndicatorOutput_Seperate_Layers_241 0.5607569892473119
AUROC-EigenIndicatorOutput_Seperate_Layers_242 0.5010236559139785
AUROC-EigenIndicatorOutput_Seperate_Layers_243 0.520636559139785
AUROC-EigenIndicatorOutput_Seperate_Layers_244 0.5165763440860215
AUROC-EigenIndicatorOutput_Seperate_Layers_245 0.4759569892473118
AUROC-EigenIndicatorOutput_Seperate_Layers_246 0.5187096774193549
AUROC-EigenIndicatorOutput_Seperate_Layers_247 0.5684215053763441
AUROC-EigenIndicatorOutput_Seperate_Layers_248 0.5211268817204301
AUROC-EigenIndicatorOutput_Seperate_Layers_249 0.5336516129032258
AUROC-EigenIndicatorOutput_Seperate_Layers_250 0.5677505376344086
AUROC-EigenIndicatorOutput_Seperate_Layers_251 0.5180387096774194
AUROC-EigenIndicatorOutput_Seperate_Layers_252 0.44802580645161294
AUROC-EigenIndicatorOutput_Seperate_Layers_253 0.5393462365591397
AUROC-EigenIndicatorOutput_Seperate_Layers_254 0.5254623655913979
AUROC-EigenIndicatorOutput_Seperate_Layers_255 0.5151655913978495
AUROC-EigenIndicatorOutput_Seperate_Layers_256 0.390141935483871
AUROC-EigenIndicatorOutput_Seperate_Layers_257 0.5059956989247312
AUROC-EigenIndicatorOutput_Seperate_Layers_258 0.5361032258064516
AUROC-EigenIndicatorOutput_Seperate_Layers_259 0.4885247311827957
AUROC-EigenIndicatorOutput_Seperate_Layers_260 0.4700989247311828
AUROC-EigenIndicatorOutput_Seperate_Layers_261 0.4760344086021505
AUROC-EigenIndicatorOutput_Seperate_Layers_262 0.4464430107526882
AUROC-EigenIndicatorOutput_Seperate_Layers_263 0.5406193548387097
AUROC-EigenIndicatorOutput_Seperate_Layers_264 0.38756129032258063
AUROC-EigenIndicatorOutput_Seperate_Layers_265 0.4201978494623656
AUROC-EigenIndicatorOutput_Seperate_Layers_266 0.5260215053763441
AUROC-EigenIndicatorOutput_Seperate_Layers_267 0.5216688172043011
AUROC-EigenIndicatorOutput_Seperate_Layers_268 0.5167999999999999
AUROC-EigenIndicatorOutput_Seperate_Layers_269 0.400094623655914
AUROC-EigenIndicatorOutput_Seperate_Layers_270 0.5678795698924731
AUROC-EigenIndicatorOutput_Seperate_Layers_271 0.4452215053763441
AUROC-EigenIndicatorOutput_Seperate_Layers_272 0.403174193548387
AUROC-EigenIndicatorOutput_Seperate_Layers_273 0.5011182795698924
AUROC-EigenIndicatorOutput_Seperate_Layers_274 0.4866236559139785
AUROC-EigenIndicatorOutput_Seperate_Layers_275 0.4869677419354839
AUROC-EigenIndicatorOutput_Seperate_Layers_276 0.5486365591397849
AUROC-EigenIndicatorOutput_Seperate_Layers_277 0.5534967741935484
AUROC-EigenIndicatorOutput_Seperate_Layers_278 0.4588559139784947
AUROC-EigenIndicatorOutput_Seperate_Layers_279 0.5222537634408602
AUROC-EigenIndicatorOutput_Seperate_Layers_280 0.5320430107526882
AUROC-EigenIndicatorOutput_Seperate_Layers_281 0.4856430107526881
AUROC-EigenIndicatorOutput_Seperate_Layers_282 0.5099956989247312
AUROC-EigenIndicatorOutput_Seperate_Layers_283 0.510021505376344
AUROC-EigenIndicatorOutput_Seperate_Layers_284 0.5242494623655913
AUROC-EigenIndicatorOutput_Seperate_Layers_285 0.5093505376344086
AUROC-EigenIndicatorOutput_Seperate_Layers_286 0.5640774193548388
AUROC-EigenIndicatorOutput_Seperate_Layers_287 0.4624860215053764
AUROC-EigenIndicatorOutput_Seperate_Layers_288 0.5112344086021505
AUROC-EigenIndicatorOutput_Seperate_Layers_289 0.47909677419354835
AUROC-EigenIndicatorOutput_Seperate_Layers_290 0.5180387096774193
AUROC-EigenIndicatorOutput_Seperate_Layers_291 0.4881462365591398
AUROC-EigenIndicatorOutput_Seperate_Layers_292 0.44162580645161287
AUROC-EigenIndicatorOutput_Seperate_Layers_293 0.493720430107527
AUROC-EigenIndicatorOutput_Seperate_Layers_294 0.5264774193548387
AUROC-EigenIndicatorOutput_Seperate_Layers_295 0.5249462365591399
AUROC-EigenIndicatorOutput_Seperate_Layers_296 0.5220817204301076
AUROC-EigenIndicatorOutput_Seperate_Layers_297 0.44560860215053766
AUROC-EigenIndicatorOutput_Seperate_Layers_298 0.42410322580645166
AUROC-EigenIndicatorOutput_Seperate_Layers_299 0.5101677419354839
AUROC-EigenIndicatorOutput_Seperate_Layers_300 0.4958881720430107
AUROC-EigenIndicatorOutput_Seperate_Layers_301 0.4933505376344086
AUROC-EigenIndicatorOutput_Seperate_Layers_302 0.5178236559139785
AUROC-EigenIndicatorOutput_Seperate_Layers_303 0.4328
AUROC-EigenIndicatorOutput_Seperate_Layers_304 0.4568
AUROC-EigenIndicatorOutput_Seperate_Layers_305 0.5177376344086022
AUROC-EigenIndicatorOutput_Seperate_Layers_306 0.536963440860215
AUROC-EigenIndicatorOutput_Seperate_Layers_307 0.4959741935483871
AUROC-EigenIndicatorOutput_Seperate_Layers_308 0.5818408602150538
AUROC-EigenIndicatorOutput_Seperate_Layers_309 0.5375913978494624
AUROC-EigenIndicatorOutput_Seperate_Layers_310 0.5659870967741936
AUROC-EigenIndicatorOutput_Seperate_Layers_311 0.5004559139784946
AUROC-EigenIndicatorOutput_Seperate_Layers_312 0.5039139784946236
AUROC-EigenIndicatorOutput_Seperate_Layers_313 0.4433290322580645
AUROC-EigenIndicatorOutput_Seperate_Layers_314 0.5787182795698924
AUROC-EigenIndicatorOutput_Seperate_Layers_315 0.5622021505376343
AUROC-EigenIndicatorOutput_Seperate_Layers_316 0.5218924731182796
AUROC-EigenIndicatorOutput_Seperate_Layers_317 0.5293247311827957
AUROC-EigenIndicatorOutput_Seperate_Layers_318 0.4874924731182796
AUROC-EigenIndicatorOutput_Seperate_Layers_319 0.5175225806451612
AUROC-EigenIndicatorOutput_Seperate_Layers_320 0.4986408602150538
AUROC-EigenIndicatorOutput_Seperate_Layers_321 0.4087397849462366
AUROC-EigenIndicatorOutput_Seperate_Layers_322 0.5043784946236558
AUROC-EigenIndicatorOutput_Seperate_Layers_323 0.5247655913978495
AUROC-EigenIndicatorOutput_Seperate_Layers_324 0.495294623655914
AUROC-EigenIndicatorOutput_Seperate_Layers_325 0.5180817204301075
AUROC-EigenIndicatorOutput_Seperate_Layers_326 0.5108215053763441
AUROC-EigenIndicatorOutput_Seperate_Layers_327 0.5315354838709678
AUROC-EigenIndicatorOutput_Seperate_Layers_328 0.47767741935483876
AUROC-EigenIndicatorOutput_Seperate_Layers_329 0.5104860215053764
AUROC-EigenIndicatorOutput_Seperate_Layers_330 0.534116129032258
AUROC-EigenIndicatorOutput_Seperate_Layers_331 0.44140215053763443
AUROC-EigenIndicatorOutput_Seperate_Layers_332 0.5325763440860215
AUROC-EigenIndicatorOutput_Seperate_Layers_333 0.4546322580645161
AUROC-EigenIndicatorOutput_Seperate_Layers_334 0.5352258064516129
AUROC-EigenIndicatorOutput_Seperate_Layers_335 0.5688344086021505
AUROC-EigenIndicatorOutput_Seperate_Layers_336 0.4922580645161291
AUROC-EigenIndicatorOutput_Seperate_Layers_337 0.5138408602150538
AUROC-EigenIndicatorOutput_Seperate_Layers_338 0.48341505376344085
AUROC-EigenIndicatorOutput_Seperate_Layers_339 0.5780215053763441
AUROC-EigenIndicatorOutput_Seperate_Layers_340 0.5443182795698924
AUROC-EigenIndicatorOutput_Seperate_Layers_341 0.5755010752688172
AUROC-EigenIndicatorOutput_Seperate_Layers_342 0.5064516129032258
AUROC-EigenIndicatorOutput_Seperate_Layers_343 0.4260129032258065
AUROC-EigenIndicatorOutput_Seperate_Layers_344 0.5650752688172043
AUROC-EigenIndicatorOutput_Seperate_Layers_345 0.49158709677419354
AUROC-EigenIndicatorOutput_Seperate_Layers_346 0.4721376344086022
AUROC-EigenIndicatorOutput_Seperate_Layers_347 0.48790537634408604
AUROC-EigenIndicatorOutput_Seperate_Layers_348 0.5126451612903226
AUROC-EigenIndicatorOutput_Seperate_Layers_349 0.46908387096774196
AUROC-EigenIndicatorOutput_Seperate_Layers_350 0.5891010752688173
AUROC-EigenIndicatorOutput_Seperate_Layers_351 0.4887569892473118
AUROC-EigenIndicatorOutput_Seperate_Layers_352 0.4384258064516129
AUROC-EigenIndicatorOutput_Seperate_Layers_353 0.4798537634408603
AUROC-EigenIndicatorOutput_Seperate_Layers_354 0.5597763440860215
AUROC-EigenIndicatorOutput_Seperate_Layers_355 0.5793634408602151
AUROC-EigenIndicatorOutput_Seperate_Layers_356 0.5011096774193549
AUROC-EigenIndicatorOutput_Seperate_Layers_357 0.38274408602150534
AUROC-EigenIndicatorOutput_Seperate_Layers_358 0.5193118279569893
AUROC-EigenIndicatorOutput_Seperate_Layers_359 0.5001548387096774
AUROC-EigenIndicatorOutput_Seperate_Layers_360 0.5698236559139784
AUROC-EigenIndicatorOutput_Seperate_Layers_361 0.5890494623655914
AUROC-EigenIndicatorOutput_Seperate_Layers_362 0.5146150537634409
AUROC-EigenIndicatorOutput_Seperate_Layers_363 0.5097032258064516
AUROC-EigenIndicatorOutput_Seperate_Layers_364 0.4496860215053764
AUROC-EigenIndicatorOutput_Seperate_Layers_365 0.5081204301075268
AUROC-EigenIndicatorOutput_Seperate_Layers_366 0.5342881720430108
AUROC-EigenIndicatorOutput_Seperate_Layers_367 0.5259268817204301
AUROC-EigenIndicatorOutput_Seperate_Layers_368 0.42357849462365593
AUROC-EigenIndicatorOutput_Seperate_Layers_369 0.5544258064516129
AUROC-EigenIndicatorOutput_Seperate_Layers_370 0.5100387096774193
AUROC-EigenIndicatorOutput_Seperate_Layers_371 0.4889634408602151
AUROC-EigenIndicatorOutput_Seperate_Layers_372 0.5073118279569893
AUROC-EigenIndicatorOutput_Seperate_Layers_373 0.5271311827956989
AUROC-EigenIndicatorOutput_Seperate_Layers_374 0.5370408602150538
AUROC-EigenIndicatorOutput_Seperate_Layers_375 0.510305376344086
AUROC-EigenIndicatorOutput_Seperate_Layers_376 0.5301763440860214
AUROC-EigenIndicatorOutput_Seperate_Layers_377 0.5814795698924732
AUROC-EigenIndicatorOutput_Seperate_Layers_378 0.5078193548387097
AUROC-EigenIndicatorOutput_Seperate_Layers_379 0.49482150537634406
AUROC-EigenIndicatorOutput_Seperate_Layers_380 0.471552688172043
AUROC-EigenIndicatorOutput_Seperate_Layers_381 0.5274666666666666
AUROC-EigenIndicatorOutput_Seperate_Layers_382 0.5113118279569893
AUROC-EigenIndicatorOutput_Seperate_Layers_383 0.5133247311827956
AUROC-EigenIndicatorOutput_Seperate_Layers_384 0.35245591397849463
AUROC-EigenIndicatorOutput_Seperate_Layers_385 0.34892903225806454
AUROC-EigenIndicatorOutput_Seperate_Layers_386 0.5506494623655913
AUROC-EigenIndicatorOutput_Seperate_Layers_387 0.5610150537634409
AUROC-EigenIndicatorOutput_Seperate_Layers_388 0.5091268817204301
AUROC-EigenIndicatorOutput_Seperate_Layers_389 0.5270623655913979
AUROC-EigenIndicatorOutput_Seperate_Layers_390 0.45451182795698924
AUROC-EigenIndicatorOutput_Seperate_Layers_391 0.46824086021505373
AUROC-EigenIndicatorOutput_Seperate_Layers_392 0.4929376344086021
AUROC-EigenIndicatorOutput_Seperate_Layers_393 0.5494881720430108
AUROC-EigenIndicatorOutput_Seperate_Layers_394 0.5213591397849462
AUROC-EigenIndicatorOutput_Seperate_Layers_395 0.4886709677419355
AUROC-EigenIndicatorOutput_Seperate_Layers_396 0.4781161290322581
AUROC-EigenIndicatorOutput_Seperate_Layers_397 0.42698494623655914
AUROC-EigenIndicatorOutput_Seperate_Layers_398 0.43993978494623664
AUROC-EigenIndicatorOutput_Seperate_Layers_399 0.47600860215053764
AUROC-EigenIndicatorOutput_Seperate_Layers_400 0.4329978494623656
AUROC-EigenIndicatorOutput_Seperate_Layers_401 0.5069849462365591
AUROC-EigenIndicatorOutput_Seperate_Layers_402 0.4972129032258064
AUROC-EigenIndicatorOutput_Seperate_Layers_403 0.5325075268817204
AUROC-EigenIndicatorOutput_Seperate_Layers_404 0.5400430107526881
AUROC-EigenIndicatorOutput_Seperate_Layers_405 0.5137978494623655
AUROC-EigenIndicatorOutput_Seperate_Layers_406 0.48868817204301074
AUROC-EigenIndicatorOutput_Seperate_Layers_407 0.46116129032258063
AUROC-EigenIndicatorOutput_Seperate_Layers_408 0.5109677419354839
AUROC-EigenIndicatorOutput_Seperate_Layers_409 0.5480774193548387
AUROC-EigenIndicatorOutput_Seperate_Layers_410 0.5261075268817205
AUROC-EigenIndicatorOutput_Seperate_Layers_411 0.568421505376344
AUROC-EigenIndicatorOutput_Seperate_Layers_412 0.5186494623655914
AUROC-EigenIndicatorOutput_Seperate_Layers_413 0.5175225806451613
AUROC-EigenIndicatorOutput_Seperate_Layers_414 0.4426408602150538
AUROC-EigenIndicatorOutput_Seperate_Layers_415 0.5106322580645162
AUROC-EigenIndicatorOutput_Seperate_Layers_416 0.45094193548387096
AUROC-EigenIndicatorOutput_Seperate_Layers_417 0.41095913978494625
AUROC-EigenIndicatorOutput_Seperate_Layers_418 0.5308645161290322
AUROC-EigenIndicatorOutput_Seperate_Layers_419 0.5197677419354838
AUROC-EigenIndicatorOutput_Seperate_Layers_420 0.3687827956989247
AUROC-EigenIndicatorOutput_Seperate_Layers_421 0.4740903225806452
AUROC-EigenIndicatorOutput_Seperate_Layers_422 0.5396043010752689
AUROC-EigenIndicatorOutput_Seperate_Layers_423 0.4796989247311828
AUROC-EigenIndicatorOutput_Seperate_Layers_424 0.5547268817204302
AUROC-EigenIndicatorOutput_Seperate_Layers_425 0.4890494623655914
AUROC-EigenIndicatorOutput_Seperate_Layers_426 0.45714408602150536
AUROC-EigenIndicatorOutput_Seperate_Layers_427 0.4299956989247312
AUROC-EigenIndicatorOutput_Seperate_Layers_428 0.510847311827957
AUROC-EigenIndicatorOutput_Seperate_Layers_429 0.5158881720430107
AUROC-EigenIndicatorOutput_Seperate_Layers_430 0.5358193548387097
AUROC-EigenIndicatorOutput_Seperate_Layers_431 0.527010752688172
AUROC-EigenIndicatorOutput_Seperate_Layers_432 0.48264946236559136
AUROC-EigenIndicatorOutput_Seperate_Layers_433 0.5631139784946236
AUROC-EigenIndicatorOutput_Seperate_Layers_434 0.46372473118279567
AUROC-EigenIndicatorOutput_Seperate_Layers_435 0.4883440860215054
AUROC-EigenIndicatorOutput_Seperate_Layers_436 0.4885849462365591
AUROC-EigenIndicatorOutput_Seperate_Layers_437 0.6061505376344086
AUROC-EigenIndicatorOutput_Seperate_Layers_438 0.5205677419354838
AUROC-EigenIndicatorOutput_Seperate_Layers_439 0.5099010752688172
AUROC-EigenIndicatorOutput_Seperate_Layers_440 0.5397161290322581
AUROC-EigenIndicatorOutput_Seperate_Layers_441 0.5736344086021505
AUROC-EigenIndicatorOutput_Seperate_Layers_442 0.5126881720430108
AUROC-EigenIndicatorOutput_Seperate_Layers_443 0.5206365591397849
AUROC-EigenIndicatorOutput_Seperate_Layers_444 0.49834838709677426
AUROC-EigenIndicatorOutput_Seperate_Layers_445 0.4697806451612903
AUROC-EigenIndicatorOutput_Seperate_Layers_446 0.5382537634408602
AUROC-EigenIndicatorOutput_Seperate_Layers_447 0.4685591397849463
AUROC-EigenIndicatorOutput_Seperate_Layers_448 0.4339010752688172
AUROC-EigenIndicatorOutput_Seperate_Layers_449 0.3617806451612903
AUROC-EigenIndicatorOutput_Seperate_Layers_450 0.4592774193548387
AUROC-EigenIndicatorOutput_Seperate_Layers_451 0.5230537634408602
AUROC-EigenIndicatorOutput_Seperate_Layers_452 0.4022451612903226
AUROC-EigenIndicatorOutput_Seperate_Layers_453 0.4552430107526882
AUROC-EigenIndicatorOutput_Seperate_Layers_454 0.5159569892473119
AUROC-EigenIndicatorOutput_Seperate_Layers_455 0.5379870967741935
AUROC-EigenIndicatorOutput_Seperate_Layers_456 0.454941935483871
AUROC-EigenIndicatorOutput_Seperate_Layers_457 0.5085075268817205
AUROC-EigenIndicatorOutput_Seperate_Layers_458 0.5310279569892473
AUROC-EigenIndicatorOutput_Seperate_Layers_459 0.5664086021505377
AUROC-EigenIndicatorOutput_Seperate_Layers_460 0.5128258064516129
AUROC-EigenIndicatorOutput_Seperate_Layers_461 0.5306752688172043
AUROC-EigenIndicatorOutput_Seperate_Layers_462 0.45566451612903236
AUROC-EigenIndicatorOutput_Seperate_Layers_463 0.5155268817204302
AUROC-EigenIndicatorOutput_Seperate_Layers_464 0.5865978494623655
AUROC-EigenIndicatorOutput_Seperate_Layers_465 0.6276473118279571
AUROC-EigenIndicatorOutput_Seperate_Layers_466 0.5002408602150538
AUROC-EigenIndicatorOutput_Seperate_Layers_467 0.5513806451612903
AUROC-EigenIndicatorOutput_Seperate_Layers_468 0.5289806451612904
AUROC-EigenIndicatorOutput_Seperate_Layers_469 0.5191913978494623
AUROC-EigenIndicatorOutput_Seperate_Layers_470 0.5632172043010752
AUROC-EigenIndicatorOutput_Seperate_Layers_471 0.49485591397849465
AUROC-EigenIndicatorOutput_Seperate_Layers_472 0.5479569892473118
AUROC-EigenIndicatorOutput_Seperate_Layers_473 0.5101333333333332
AUROC-EigenIndicatorOutput_Seperate_Layers_474 0.4997763440860215
AUROC-EigenIndicatorOutput_Seperate_Layers_475 0.5260731182795698
AUROC-EigenIndicatorOutput_Seperate_Layers_476 0.5462451612903226
AUROC-EigenIndicatorOutput_Seperate_Layers_477 0.5730838709677419
AUROC-EigenIndicatorOutput_Seperate_Layers_478 0.4959741935483872
AUROC-EigenIndicatorOutput_Seperate_Layers_479 0.4595784946236559
AUROC-EigenIndicatorOutput_Seperate_Layers_480 0.34224516129032256
AUROC-EigenIndicatorOutput_Seperate_Layers_481 0.44270967741935485
AUROC-EigenIndicatorOutput_Seperate_Layers_482 0.5614623655913978
AUROC-EigenIndicatorOutput_Seperate_Layers_483 0.5586924731182795
AUROC-EigenIndicatorOutput_Seperate_Layers_484 0.5172989247311828
AUROC-EigenIndicatorOutput_Seperate_Layers_485 0.5036645161290323
AUROC-EigenIndicatorOutput_Seperate_Layers_486 0.5197505376344087
AUROC-EigenIndicatorOutput_Seperate_Layers_487 0.4985032258064517
AUROC-EigenIndicatorOutput_Seperate_Layers_488 0.4060043010752688
AUROC-EigenIndicatorOutput_Seperate_Layers_489 0.5638451612903226
AUROC-EigenIndicatorOutput_Seperate_Layers_490 0.5029247311827957
AUROC-EigenIndicatorOutput_Seperate_Layers_491 0.5431827956989248
AUROC-EigenIndicatorOutput_Seperate_Layers_492 0.40465376344086024
AUROC-EigenIndicatorOutput_Seperate_Layers_493 0.49016774193548385
AUROC-EigenIndicatorOutput_Seperate_Layers_494 0.49195698924731185
AUROC-EigenIndicatorOutput_Seperate_Layers_495 0.4088516129032258
AUROC-EigenIndicatorOutput_Seperate_Layers_496 0.4751655913978495
AUROC-EigenIndicatorOutput_Seperate_Layers_497 0.44311397849462364
AUROC-EigenIndicatorOutput_Seperate_Layers_498 0.4731784946236559
AUROC-EigenIndicatorOutput_Seperate_Layers_499 0.5206279569892474
AUROC-EigenIndicatorOutput_Seperate_Layers_500 0.5622193548387097
AUROC-EigenIndicatorOutput_Seperate_Layers_501 0.5393032258064516
AUROC-EigenIndicatorOutput_Seperate_Layers_502 0.5034494623655914
AUROC-EigenIndicatorOutput_Seperate_Layers_503 0.4763956989247312
AUROC-EigenIndicatorOutput_Seperate_Layers_504 0.5617548387096774
AUROC-EigenIndicatorOutput_Seperate_Layers_505 0.5070279569892474
AUROC-EigenIndicatorOutput_Seperate_Layers_506 0.5528258064516129
AUROC-EigenIndicatorOutput_Seperate_Layers_507 0.537531182795699
AUROC-EigenIndicatorOutput_Seperate_Layers_508 0.5142451612903225
AUROC-EigenIndicatorOutput_Seperate_Layers_509 0.45834838709677417
AUROC-EigenIndicatorOutput_Seperate_Layers_510 0.4847483870967742
AUROC-EigenIndicatorOutput_Seperate_Layers_511 0.47823655913978497
AUROC-EigenIndicatorOutput_Seperate_Layers_512 0.4778236559139785
AUROC-EigenIndicatorOutput_Seperate_Layers_513 0.4542451612903226
AUROC-EigenIndicatorOutput_Seperate_Layers_514 0.5474924731182795
AUROC-EigenIndicatorOutput_Seperate_Layers_515 0.5783827956989247
AUROC-EigenIndicatorOutput_Seperate_Layers_516 0.5327741935483871
AUROC-EigenIndicatorOutput_Seperate_Layers_517 0.5906236559139785
AUROC-EigenIndicatorOutput_Seperate_Layers_518 0.5065634408602151
AUROC-EigenIndicatorOutput_Seperate_Layers_519 0.42047311827956996
AUROC-EigenIndicatorOutput_Seperate_Layers_520 0.5407225806451612
AUROC-EigenIndicatorOutput_Seperate_Layers_521 0.595389247311828
AUROC-EigenIndicatorOutput_Seperate_Layers_522 0.5216172043010752
AUROC-EigenIndicatorOutput_Seperate_Layers_523 0.48520430107526885
AUROC-EigenIndicatorOutput_Seperate_Layers_524 0.4959655913978494
AUROC-EigenIndicatorOutput_Seperate_Layers_525 0.4818924731182796
AUROC-EigenIndicatorOutput_Seperate_Layers_526 0.40668387096774195
AUROC-EigenIndicatorOutput_Seperate_Layers_527 0.549531182795699
AUROC-EigenIndicatorOutput_Seperate_Layers_528 0.4918193548387097
AUROC-EigenIndicatorOutput_Seperate_Layers_529 0.45672258064516125
AUROC-EigenIndicatorOutput_Seperate_Layers_530 0.49640430107526884
AUROC-EigenIndicatorOutput_Seperate_Layers_531 0.5205333333333333
AUROC-EigenIndicatorOutput_Seperate_Layers_532 0.5093333333333333
AUROC-EigenIndicatorOutput_Seperate_Layers_533 0.5800430107526883
AUROC-EigenIndicatorOutput_Seperate_Layers_534 0.5871655913978495
AUROC-EigenIndicatorOutput_Seperate_Layers_535 0.592352688172043
AUROC-EigenIndicatorOutput_Seperate_Layers_536 0.5494709677419355
AUROC-EigenIndicatorOutput_Seperate_Layers_537 0.582984946236559
AUROC-EigenIndicatorOutput_Seperate_Layers_538 0.49977634408602145
AUROC-EigenIndicatorOutput_Seperate_Layers_539 0.4138236559139785
AUROC-EigenIndicatorOutput_Seperate_Layers_540 0.5448344086021505
AUROC-EigenIndicatorOutput_Seperate_Layers_541 0.49447741935483874
AUROC-EigenIndicatorOutput_Seperate_Layers_542 0.5153204301075269
AUROC-EigenIndicatorOutput_Seperate_Layers_543 0.4935397849462366
AUROC-EigenIndicatorOutput_Seperate_Layers_544 0.4896774193548387
AUROC-EigenIndicatorOutput_Seperate_Layers_545 0.5473978494623657
AUROC-EigenIndicatorOutput_Seperate_Layers_546 0.589737634408602
AUROC-EigenIndicatorOutput_Seperate_Layers_547 0.49137204301075266
AUROC-EigenIndicatorOutput_Seperate_Layers_548 0.5603096774193549
AUROC-EigenIndicatorOutput_Seperate_Layers_549 0.5735397849462366
AUROC-EigenIndicatorOutput_Seperate_Layers_550 0.5301591397849463
AUROC-EigenIndicatorOutput_Seperate_Layers_551 0.5352344086021505
AUROC-EigenIndicatorOutput_Seperate_Layers_552 0.5072172043010752
AUROC-EigenIndicatorOutput_Seperate_Layers_553 0.5414279569892473
AUROC-EigenIndicatorOutput_Seperate_Layers_554 0.4846709677419355
AUROC-EigenIndicatorOutput_Seperate_Layers_555 0.5169118279569892
AUROC-EigenIndicatorOutput_Seperate_Layers_556 0.5251440860215054
AUROC-EigenIndicatorOutput_Seperate_Layers_557 0.43852043010752695
AUROC-EigenIndicatorOutput_Seperate_Layers_558 0.4867096774193549
AUROC-EigenIndicatorOutput_Seperate_Layers_559 0.47710967741935484
AUROC-EigenIndicatorOutput_Seperate_Layers_560 0.4721032258064516
AUROC-EigenIndicatorOutput_Seperate_Layers_561 0.45998279569892475
AUROC-EigenIndicatorOutput_Seperate_Layers_562 0.5612215053763441
AUROC-EigenIndicatorOutput_Seperate_Layers_563 0.5672172043010753
AUROC-EigenIndicatorOutput_Seperate_Layers_564 0.5214021505376344
AUROC-EigenIndicatorOutput_Seperate_Layers_565 0.4617290322580645
AUROC-EigenIndicatorOutput_Seperate_Layers_566 0.5023225806451612
AUROC-EigenIndicatorOutput_Seperate_Layers_567 0.4955354838709677
AUROC-EigenIndicatorOutput_Seperate_Layers_568 0.5248516129032258
AUROC-EigenIndicatorOutput_Seperate_Layers_569 0.5368516129032257
AUROC-EigenIndicatorOutput_Seperate_Layers_570 0.5235956989247312
AUROC-EigenIndicatorOutput_Seperate_Layers_571 0.6252473118279571
AUROC-EigenIndicatorOutput_Seperate_Layers_572 0.4887655913978495
AUROC-EigenIndicatorOutput_Seperate_Layers_573 0.5515440860215053
AUROC-EigenIndicatorOutput_Seperate_Layers_574 0.5250494623655914
AUROC-EigenIndicatorOutput_Seperate_Layers_575 0.45662795698924735
AUROC-EigenIndicatorOutput_Seperate_Layers_576 0.41474408602150536
AUROC-EigenIndicatorOutput_Seperate_Layers_577 0.39873548387096774
AUROC-EigenIndicatorOutput_Seperate_Layers_578 0.5421075268817205
AUROC-EigenIndicatorOutput_Seperate_Layers_579 0.5341419354838709
AUROC-EigenIndicatorOutput_Seperate_Layers_580 0.4494881720430108
AUROC-EigenIndicatorOutput_Seperate_Layers_581 0.4711139784946237
AUROC-EigenIndicatorOutput_Seperate_Layers_582 0.5275698924731183
AUROC-EigenIndicatorOutput_Seperate_Layers_583 0.5449032258064517
AUROC-EigenIndicatorOutput_Seperate_Layers_584 0.5334193548387096
AUROC-EigenIndicatorOutput_Seperate_Layers_585 0.49715268817204306
AUROC-EigenIndicatorOutput_Seperate_Layers_586 0.5796903225806451
AUROC-EigenIndicatorOutput_Seperate_Layers_587 0.4830881720430107
AUROC-EigenIndicatorOutput_Seperate_Layers_588 0.4996129032258064
AUROC-EigenIndicatorOutput_Seperate_Layers_589 0.4610580645161291
AUROC-EigenIndicatorOutput_Seperate_Layers_590 0.614494623655914
AUROC-EigenIndicatorOutput_Seperate_Layers_591 0.41741075268817207
AUROC-EigenIndicatorOutput_Seperate_Layers_592 0.48641720430107527
AUROC-EigenIndicatorOutput_Seperate_Layers_593 0.5508301075268818
AUROC-EigenIndicatorOutput_Seperate_Layers_594 0.5348989247311828
AUROC-EigenIndicatorOutput_Seperate_Layers_595 0.5394322580645161
AUROC-EigenIndicatorOutput_Seperate_Layers_596 0.538141935483871
AUROC-EigenIndicatorOutput_Seperate_Layers_597 0.5248430107526882
AUROC-EigenIndicatorOutput_Seperate_Layers_598 0.4898752688172043
AUROC-EigenIndicatorOutput_Seperate_Layers_599 0.4732817204301075
AUROC-EigenIndicatorOutput_Seperate_Layers_600 0.5184
AUROC-EigenIndicatorOutput_Seperate_Layers_601 0.5306408602150539
AUROC-EigenIndicatorOutput_Seperate_Layers_602 0.4871741935483871
AUROC-EigenIndicatorOutput_Seperate_Layers_603 0.5663483870967743
AUROC-EigenIndicatorOutput_Seperate_Layers_604 0.5189935483870968
AUROC-EigenIndicatorOutput_Seperate_Layers_605 0.5122666666666666
AUROC-EigenIndicatorOutput_Seperate_Layers_606 0.5259612903225807
AUROC-EigenIndicatorOutput_Seperate_Layers_607 0.5217118279569892
AUROC-EigenIndicatorOutput_Seperate_Layers_608 0.3213935483870968
AUROC-EigenIndicatorOutput_Seperate_Layers_609 0.3616172043010753
AUROC-EigenIndicatorOutput_Seperate_Layers_610 0.5077333333333334
AUROC-EigenIndicatorOutput_Seperate_Layers_611 0.5411010752688172
AUROC-EigenIndicatorOutput_Seperate_Layers_612 0.5236043010752688
AUROC-EigenIndicatorOutput_Seperate_Layers_613 0.5577548387096773
AUROC-EigenIndicatorOutput_Seperate_Layers_614 0.5174623655913978
AUROC-EigenIndicatorOutput_Seperate_Layers_615 0.5802150537634407
AUROC-EigenIndicatorOutput_Seperate_Layers_616 0.5032344086021505
AUROC-EigenIndicatorOutput_Seperate_Layers_617 0.4178494623655914
AUROC-EigenIndicatorOutput_Seperate_Layers_618 0.5341333333333333
AUROC-EigenIndicatorOutput_Seperate_Layers_619 0.5724645161290323
AUROC-EigenIndicatorOutput_Seperate_Layers_620 0.482047311827957
AUROC-EigenIndicatorOutput_Seperate_Layers_621 0.5131612903225806
AUROC-EigenIndicatorOutput_Seperate_Layers_622 0.5657806451612902
AUROC-EigenIndicatorOutput_Seperate_Layers_623 0.5093849462365592
AUROC-EigenIndicatorOutput_Seperate_Layers_624 0.5118279569892473
AUROC-EigenIndicatorOutput_Seperate_Layers_625 0.48696774193548387
AUROC-EigenIndicatorOutput_Seperate_Layers_626 0.535294623655914
AUROC-EigenIndicatorOutput_Seperate_Layers_627 0.5682924731182796
AUROC-EigenIndicatorOutput_Seperate_Layers_628 0.49859784946236557
AUROC-EigenIndicatorOutput_Seperate_Layers_629 0.5091354838709676
AUROC-EigenIndicatorOutput_Seperate_Layers_630 0.5846193548387097
AUROC-EigenIndicatorOutput_Seperate_Layers_631 0.5663913978494624
AUROC-EigenIndicatorOutput_Seperate_Layers_632 0.4983311827956989
AUROC-EigenIndicatorOutput_Seperate_Layers_633 0.5310193548387097
AUROC-EigenIndicatorOutput_Seperate_Layers_634 0.46070537634408604
AUROC-EigenIndicatorOutput_Seperate_Layers_635 0.5169118279569893
AUROC-EigenIndicatorOutput_Seperate_Layers_636 0.5229247311827957
AUROC-EigenIndicatorOutput_Seperate_Layers_637 0.5340903225806451
AUROC-EigenIndicatorOutput_Seperate_Layers_638 0.5058236559139785
AUROC-EigenIndicatorOutput_Seperate_Layers_639 0.49454623655913976
AUROC-EigenIndicatorOutput_Seperate_Layers_640 0.48786236559139784
AUROC-EigenIndicatorOutput_Seperate_Layers_641 0.4666494623655914
AUROC-EigenIndicatorOutput_Seperate_Layers_642 0.5229247311827958
AUROC-EigenIndicatorOutput_Seperate_Layers_643 0.5251956989247311
AUROC-EigenIndicatorOutput_Seperate_Layers_644 0.4618752688172043
AUROC-EigenIndicatorOutput_Seperate_Layers_645 0.4838623655913979
AUROC-EigenIndicatorOutput_Seperate_Layers_646 0.5227010752688173
AUROC-EigenIndicatorOutput_Seperate_Layers_647 0.46324301075268814
AUROC-EigenIndicatorOutput_Seperate_Layers_648 0.4046193548387097
AUROC-EigenIndicatorOutput_Seperate_Layers_649 0.5016688172043011
AUROC-EigenIndicatorOutput_Seperate_Layers_650 0.5160344086021506
AUROC-EigenIndicatorOutput_Seperate_Layers_651 0.4616086021505376
AUROC-EigenIndicatorOutput_Seperate_Layers_652 0.4230537634408602
AUROC-EigenIndicatorOutput_Seperate_Layers_653 0.5055397849462366
AUROC-EigenIndicatorOutput_Seperate_Layers_654 0.4342967741935484
AUROC-EigenIndicatorOutput_Seperate_Layers_655 0.4956559139784946
AUROC-EigenIndicatorOutput_Seperate_Layers_656 0.4523354838709678
AUROC-EigenIndicatorOutput_Seperate_Layers_657 0.4130064516129033
AUROC-EigenIndicatorOutput_Seperate_Layers_658 0.5741677419354838
AUROC-EigenIndicatorOutput_Seperate_Layers_659 0.5086709677419355
AUROC-EigenIndicatorOutput_Seperate_Layers_660 0.504094623655914
AUROC-EigenIndicatorOutput_Seperate_Layers_661 0.49741075268817203
AUROC-EigenIndicatorOutput_Seperate_Layers_662 0.5578494623655914
AUROC-EigenIndicatorOutput_Seperate_Layers_663 0.5323956989247312
AUROC-EigenIndicatorOutput_Seperate_Layers_664 0.5776
AUROC-EigenIndicatorOutput_Seperate_Layers_665 0.5101677419354839
AUROC-EigenIndicatorOutput_Seperate_Layers_666 0.5123440860215054
AUROC-EigenIndicatorOutput_Seperate_Layers_667 0.510494623655914
AUROC-EigenIndicatorOutput_Seperate_Layers_668 0.5546666666666666
AUROC-EigenIndicatorOutput_Seperate_Layers_669 0.49126021505376344
AUROC-EigenIndicatorOutput_Seperate_Layers_670 0.5151139784946237
AUROC-EigenIndicatorOutput_Seperate_Layers_671 0.5152774193548387
AUROC-EigenIndicatorOutput_Seperate_Layers_672 0.47210322580645164
AUROC-EigenIndicatorOutput_Seperate_Layers_673 0.37994838709677425
AUROC-EigenIndicatorOutput_Seperate_Layers_674 0.45097634408602155
AUROC-EigenIndicatorOutput_Seperate_Layers_675 0.5612731182795698
AUROC-EigenIndicatorOutput_Seperate_Layers_676 0.40184946236559144
AUROC-EigenIndicatorOutput_Seperate_Layers_677 0.47909677419354835
AUROC-EigenIndicatorOutput_Seperate_Layers_678 0.5505032258064516
AUROC-EigenIndicatorOutput_Seperate_Layers_679 0.556894623655914
AUROC-EigenIndicatorOutput_Seperate_Layers_680 0.4828301075268817
AUROC-EigenIndicatorOutput_Seperate_Layers_681 0.5314236559139786
AUROC-EigenIndicatorOutput_Seperate_Layers_682 0.5189333333333334
AUROC-EigenIndicatorOutput_Seperate_Layers_683 0.4299956989247312
AUROC-EigenIndicatorOutput_Seperate_Layers_684 0.43902795698924735
AUROC-EigenIndicatorOutput_Seperate_Layers_685 0.5214623655913978
AUROC-EigenIndicatorOutput_Seperate_Layers_686 0.44163440860215053
AUROC-EigenIndicatorOutput_Seperate_Layers_687 0.4565591397849462
AUROC-EigenIndicatorOutput_Seperate_Layers_688 0.5869935483870968
AUROC-EigenIndicatorOutput_Seperate_Layers_689 0.5466064516129032
AUROC-EigenIndicatorOutput_Seperate_Layers_690 0.4247569892473118
AUROC-EigenIndicatorOutput_Seperate_Layers_691 0.5104602150537634
AUROC-EigenIndicatorOutput_Seperate_Layers_692 0.6259612903225806
AUROC-EigenIndicatorOutput_Seperate_Layers_693 0.49459784946236557
AUROC-EigenIndicatorOutput_Seperate_Layers_694 0.5497978494623657
AUROC-EigenIndicatorOutput_Seperate_Layers_695 0.5270623655913977
AUROC-EigenIndicatorOutput_Seperate_Layers_696 0.5199139784946236
AUROC-EigenIndicatorOutput_Seperate_Layers_697 0.5469849462365591
AUROC-EigenIndicatorOutput_Seperate_Layers_698 0.5239913978494624
AUROC-EigenIndicatorOutput_Seperate_Layers_699 0.511036559139785
AUROC-EigenIndicatorOutput_Seperate_Layers_700 0.5025978494623656
AUROC-EigenIndicatorOutput_Seperate_Layers_701 0.4779784946236559
AUROC-EigenIndicatorOutput_Seperate_Layers_702 0.5201806451612904
AUROC-EigenIndicatorOutput_Seperate_Layers_703 0.466941935483871
AUROC-EigenIndicatorOutput_Seperate_Layers_704 0.4776086021505376
AUROC-EigenIndicatorOutput_Seperate_Layers_705 0.3649032258064516
AUROC-EigenIndicatorOutput_Seperate_Layers_706 0.5014623655913979
AUROC-EigenIndicatorOutput_Seperate_Layers_707 0.5436043010752688
AUROC-EigenIndicatorOutput_Seperate_Layers_708 0.4694967741935484
AUROC-EigenIndicatorOutput_Seperate_Layers_709 0.4700301075268817
AUROC-EigenIndicatorOutput_Seperate_Layers_710 0.4232086021505376
AUROC-EigenIndicatorOutput_Seperate_Layers_711 0.4067182795698924
AUROC-EigenIndicatorOutput_Seperate_Layers_712 0.5592860215053763
AUROC-EigenIndicatorOutput_Seperate_Layers_713 0.46070537634408604
AUROC-EigenIndicatorOutput_Seperate_Layers_714 0.43278279569892475
AUROC-EigenIndicatorOutput_Seperate_Layers_715 0.5666064516129032
AUROC-EigenIndicatorOutput_Seperate_Layers_716 0.4863139784946237
AUROC-EigenIndicatorOutput_Seperate_Layers_717 0.5063741935483872
AUROC-EigenIndicatorOutput_Seperate_Layers_718 0.5263225806451612
AUROC-EigenIndicatorOutput_Seperate_Layers_719 0.4786494623655914
AUROC-EigenIndicatorOutput_Seperate_Layers_720 0.47628387096774194
AUROC-EigenIndicatorOutput_Seperate_Layers_721 0.5386236559139784
AUROC-EigenIndicatorOutput_Seperate_Layers_722 0.49092473118279567
AUROC-EigenIndicatorOutput_Seperate_Layers_723 0.4989419354838709
AUROC-EigenIndicatorOutput_Seperate_Layers_724 0.4743483870967742
AUROC-EigenIndicatorOutput_Seperate_Layers_725 0.47344516129032255
AUROC-EigenIndicatorOutput_Seperate_Layers_726 0.5363870967741935
AUROC-EigenIndicatorOutput_Seperate_Layers_727 0.5042064516129032
AUROC-EigenIndicatorOutput_Seperate_Layers_728 0.49196559139784946
AUROC-EigenIndicatorOutput_Seperate_Layers_729 0.5568430107526882
AUROC-EigenIndicatorOutput_Seperate_Layers_730 0.5529806451612902
AUROC-EigenIndicatorOutput_Seperate_Layers_731 0.5043956989247311
AUROC-EigenIndicatorOutput_Seperate_Layers_732 0.5182451612903225
AUROC-EigenIndicatorOutput_Seperate_Layers_733 0.49899354838709675
AUROC-EigenIndicatorOutput_Seperate_Layers_734 0.559363440860215
AUROC-EigenIndicatorOutput_Seperate_Layers_735 0.5241720430107527
AUROC-EigenIndicatorOutput_Seperate_Layers_736 0.4824688172043011
AUROC-EigenIndicatorOutput_Seperate_Layers_737 0.5567741935483871
AUROC-EigenIndicatorOutput_Seperate_Layers_738 0.5449978494623656
AUROC-EigenIndicatorOutput_Seperate_Layers_739 0.5233118279569893
AUROC-EigenIndicatorOutput_Seperate_Layers_740 0.5015569892473118
AUROC-EigenIndicatorOutput_Seperate_Layers_741 0.5369376344086021
AUROC-EigenIndicatorOutput_Seperate_Layers_742 0.5560516129032258
AUROC-EigenIndicatorOutput_Seperate_Layers_743 0.48142795698924723
AUROC-EigenIndicatorOutput_Seperate_Layers_744 0.5452903225806451
AUROC-EigenIndicatorOutput_Seperate_Layers_745 0.5369462365591398
AUROC-EigenIndicatorOutput_Seperate_Layers_746 0.5051440860215054
AUROC-EigenIndicatorOutput_Seperate_Layers_747 0.5003956989247311
AUROC-EigenIndicatorOutput_Seperate_Layers_748 0.5969720430107527
AUROC-EigenIndicatorOutput_Seperate_Layers_749 0.533058064516129
AUROC-EigenIndicatorOutput_Seperate_Layers_750 0.4713204301075269
AUROC-EigenIndicatorOutput_Seperate_Layers_751 0.4744172043010753
AUROC-EigenIndicatorOutput_Seperate_Layers_752 0.4549075268817204
AUROC-EigenIndicatorOutput_Seperate_Layers_753 0.524094623655914
AUROC-EigenIndicatorOutput_Seperate_Layers_754 0.5075182795698925
AUROC-EigenIndicatorOutput_Seperate_Layers_755 0.5247139784946238
AUROC-EigenIndicatorOutput_Seperate_Layers_756 0.5207397849462365
AUROC-EigenIndicatorOutput_Seperate_Layers_757 0.511741935483871
AUROC-EigenIndicatorOutput_Seperate_Layers_758 0.5438881720430108
AUROC-EigenIndicatorOutput_Seperate_Layers_759 0.506468817204301
AUROC-EigenIndicatorOutput_Seperate_Layers_760 0.5142193548387096
AUROC-EigenIndicatorOutput_Seperate_Layers_761 0.5911655913978494
AUROC-EigenIndicatorOutput_Seperate_Layers_762 0.47841720430107526
AUROC-EigenIndicatorOutput_Seperate_Layers_763 0.5315698924731183
AUROC-EigenIndicatorOutput_Seperate_Layers_764 0.5548215053763441
AUROC-EigenIndicatorOutput_Seperate_Layers_765 0.48392258064516125
AUROC-EigenIndicatorOutput_Seperate_Layers_766 0.5347784946236559
AUROC-EigenIndicatorOutput_Seperate_Layers_767 0.4888086021505377
AUROC-EigenIndicatorOutput_Seperate_Layers_768 0.48006881720430106
AUROC-EigenIndicatorOutput_Seperate_Layers_769 0.4580387096774194
AUROC-EigenIndicatorOutput_Seperate_Layers_770 0.5319483870967743
AUROC-EigenIndicatorOutput_Seperate_Layers_771 0.5076129032258064
AUROC-EigenIndicatorOutput_Seperate_Layers_772 0.5314838709677419
AUROC-EigenIndicatorOutput_Seperate_Layers_773 0.41031397849462364
AUROC-EigenIndicatorOutput_Seperate_Layers_774 0.5712602150537633
AUROC-EigenIndicatorOutput_Seperate_Layers_775 0.5030537634408603
AUROC-EigenIndicatorOutput_Seperate_Layers_776 0.5849204301075269
AUROC-EigenIndicatorOutput_Seperate_Layers_777 0.4903827956989248
AUROC-EigenIndicatorOutput_Seperate_Layers_778 0.46467956989247317
AUROC-EigenIndicatorOutput_Seperate_Layers_779 0.4890408602150538
AUROC-EigenIndicatorOutput_Seperate_Layers_780 0.5220559139784946
AUROC-EigenIndicatorOutput_Seperate_Layers_781 0.44403440860215054
AUROC-EigenIndicatorOutput_Seperate_Layers_782 0.5051182795698925
AUROC-EigenIndicatorOutput_Seperate_Layers_783 0.4707096774193548
AUROC-EigenIndicatorOutput_Seperate_Layers_784 0.4324903225806451
AUROC-EigenIndicatorOutput_Seperate_Layers_785 0.4507182795698924
AUROC-EigenIndicatorOutput_Seperate_Layers_786 0.4980903225806452
AUROC-EigenIndicatorOutput_Seperate_Layers_787 0.46713978494623654
AUROC-EigenIndicatorOutput_Seperate_Layers_788 0.47359139784946236
AUROC-EigenIndicatorOutput_Seperate_Layers_789 0.5199483870967742
AUROC-EigenIndicatorOutput_Seperate_Layers_790 0.5758021505376345
AUROC-EigenIndicatorOutput_Seperate_Layers_791 0.4952774193548387
AUROC-EigenIndicatorOutput_Seperate_Layers_792 0.5485075268817204
AUROC-EigenIndicatorOutput_Seperate_Layers_793 0.5854881720430107
AUROC-EigenIndicatorOutput_Seperate_Layers_794 0.5023827956989247
AUROC-EigenIndicatorOutput_Seperate_Layers_795 0.5338150537634408
AUROC-EigenIndicatorOutput_Seperate_Layers_796 0.5124129032258065
AUROC-EigenIndicatorOutput_Seperate_Layers_797 0.5030451612903225
AUROC-EigenIndicatorOutput_Seperate_Layers_798 0.5078279569892474
AUROC-EigenIndicatorOutput_Seperate_Layers_799 0.4581505376344086
AUROC-EigenIndicatorOutput_Seperate_Layers_800 0.2971096774193548
AUROC-EigenIndicatorOutput_Seperate_Layers_801 0.48737204301075276
AUROC-EigenIndicatorOutput_Seperate_Layers_802 0.47091612903225805
AUROC-EigenIndicatorOutput_Seperate_Layers_803 0.5535139784946237
AUROC-EigenIndicatorOutput_Seperate_Layers_804 0.41686021505376347
AUROC-EigenIndicatorOutput_Seperate_Layers_805 0.5214537634408603
AUROC-EigenIndicatorOutput_Seperate_Layers_806 0.5263913978494624
AUROC-EigenIndicatorOutput_Seperate_Layers_807 0.5708129032258064
AUROC-EigenIndicatorOutput_Seperate_Layers_808 0.47073548387096775
AUROC-EigenIndicatorOutput_Seperate_Layers_809 0.49638709677419357
AUROC-EigenIndicatorOutput_Seperate_Layers_810 0.5755440860215053
AUROC-EigenIndicatorOutput_Seperate_Layers_811 0.5191827956989248
AUROC-EigenIndicatorOutput_Seperate_Layers_812 0.4971440860215054
AUROC-EigenIndicatorOutput_Seperate_Layers_813 0.4865376344086022
AUROC-EigenIndicatorOutput_Seperate_Layers_814 0.468868817204301
AUROC-EigenIndicatorOutput_Seperate_Layers_815 0.4998967741935484
AUROC-EigenIndicatorOutput_Seperate_Layers_816 0.5792516129032258
AUROC-EigenIndicatorOutput_Seperate_Layers_817 0.532610752688172
AUROC-EigenIndicatorOutput_Seperate_Layers_818 0.5395956989247312
AUROC-EigenIndicatorOutput_Seperate_Layers_819 0.5468989247311828
AUROC-EigenIndicatorOutput_Seperate_Layers_820 0.5490236559139785
AUROC-EigenIndicatorOutput_Seperate_Layers_821 0.5262279569892473
AUROC-EigenIndicatorOutput_Seperate_Layers_822 0.5762838709677419
AUROC-EigenIndicatorOutput_Seperate_Layers_823 0.4944602150537635
AUROC-EigenIndicatorOutput_Seperate_Layers_824 0.512352688172043
AUROC-EigenIndicatorOutput_Seperate_Layers_825 0.542683870967742
AUROC-EigenIndicatorOutput_Seperate_Layers_826 0.5289720430107527
AUROC-EigenIndicatorOutput_Seperate_Layers_827 0.5032258064516129
AUROC-EigenIndicatorOutput_Seperate_Layers_828 0.4626408602150538
AUROC-EigenIndicatorOutput_Seperate_Layers_829 0.5508215053763441
AUROC-EigenIndicatorOutput_Seperate_Layers_830 0.527389247311828
AUROC-EigenIndicatorOutput_Seperate_Layers_831 0.5225462365591398
AUROC-EigenIndicatorOutput_Seperate_Layers_832 0.3819870967741935
AUROC-EigenIndicatorOutput_Seperate_Layers_833 0.5244301075268817
AUROC-EigenIndicatorOutput_Seperate_Layers_834 0.5088344086021506
AUROC-EigenIndicatorOutput_Seperate_Layers_835 0.5023913978494623
AUROC-EigenIndicatorOutput_Seperate_Layers_836 0.6000430107526882
AUROC-EigenIndicatorOutput_Seperate_Layers_837 0.5267784946236559
AUROC-EigenIndicatorOutput_Seperate_Layers_838 0.5449376344086021
AUROC-EigenIndicatorOutput_Seperate_Layers_839 0.5120086021505377
AUROC-EigenIndicatorOutput_Seperate_Layers_840 0.5106322580645162
AUROC-EigenIndicatorOutput_Seperate_Layers_841 0.4568
AUROC-EigenIndicatorOutput_Seperate_Layers_842 0.5177118279569892
AUROC-EigenIndicatorOutput_Seperate_Layers_843 0.4409806451612903
AUROC-EigenIndicatorOutput_Seperate_Layers_844 0.4934365591397849
AUROC-EigenIndicatorOutput_Seperate_Layers_845 0.39045161290322583
AUROC-EigenIndicatorOutput_Seperate_Layers_846 0.5010494623655914
AUROC-EigenIndicatorOutput_Seperate_Layers_847 0.4617462365591398
AUROC-EigenIndicatorOutput_Seperate_Layers_848 0.45455483870967744
AUROC-EigenIndicatorOutput_Seperate_Layers_849 0.4542709677419354
AUROC-EigenIndicatorOutput_Seperate_Layers_850 0.4988731182795698
AUROC-EigenIndicatorOutput_Seperate_Layers_851 0.49870107526881724
AUROC-EigenIndicatorOutput_Seperate_Layers_852 0.49264516129032254
AUROC-EigenIndicatorOutput_Seperate_Layers_853 0.586658064516129
AUROC-EigenIndicatorOutput_Seperate_Layers_854 0.5288602150537633
AUROC-EigenIndicatorOutput_Seperate_Layers_855 0.5217032258064516
AUROC-EigenIndicatorOutput_Seperate_Layers_856 0.507363440860215
AUROC-EigenIndicatorOutput_Seperate_Layers_857 0.532868817204301
AUROC-EigenIndicatorOutput_Seperate_Layers_858 0.5198451612903225
AUROC-EigenIndicatorOutput_Seperate_Layers_859 0.5387268817204302
AUROC-EigenIndicatorOutput_Seperate_Layers_860 0.5361204301075269
AUROC-EigenIndicatorOutput_Seperate_Layers_861 0.46855913978494623
AUROC-EigenIndicatorOutput_Seperate_Layers_862 0.47984516129032256
AUROC-EigenIndicatorOutput_Seperate_Layers_863 0.4887397849462366
AUROC-EigenIndicatorOutput_Seperate_Layers_864 0.4522666666666666
AUROC-EigenIndicatorOutput_Seperate_Layers_865 0.4478881720430108
AUROC-EigenIndicatorOutput_Seperate_Layers_866 0.42584086021505374
AUROC-EigenIndicatorOutput_Seperate_Layers_867 0.544705376344086
AUROC-EigenIndicatorOutput_Seperate_Layers_868 0.5149935483870968
AUROC-EigenIndicatorOutput_Seperate_Layers_869 0.5199397849462366
AUROC-EigenIndicatorOutput_Seperate_Layers_870 0.49531182795698925
AUROC-EigenIndicatorOutput_Seperate_Layers_871 0.37759999999999994
AUROC-EigenIndicatorOutput_Seperate_Layers_872 0.5498150537634408
AUROC-EigenIndicatorOutput_Seperate_Layers_873 0.526425806451613
AUROC-EigenIndicatorOutput_Seperate_Layers_874 0.46112688172043015
AUROC-EigenIndicatorOutput_Seperate_Layers_875 0.43375483870967746
AUROC-EigenIndicatorOutput_Seperate_Layers_876 0.49241290322580644
AUROC-EigenIndicatorOutput_Seperate_Layers_877 0.4500043010752688
AUROC-EigenIndicatorOutput_Seperate_Layers_878 0.42590107526881726
AUROC-EigenIndicatorOutput_Seperate_Layers_879 0.46986666666666665
AUROC-EigenIndicatorOutput_Seperate_Layers_880 0.508610752688172
AUROC-EigenIndicatorOutput_Seperate_Layers_881 0.566305376344086
AUROC-EigenIndicatorOutput_Seperate_Layers_882 0.5217032258064516
AUROC-EigenIndicatorOutput_Seperate_Layers_883 0.5289548387096774
AUROC-EigenIndicatorOutput_Seperate_Layers_884 0.5483354838709678
AUROC-EigenIndicatorOutput_Seperate_Layers_885 0.5078193548387098
AUROC-EigenIndicatorOutput_Seperate_Layers_886 0.581436559139785
AUROC-EigenIndicatorOutput_Seperate_Layers_887 0.522141935483871
AUROC-EigenIndicatorOutput_Seperate_Layers_888 0.48903225806451617
AUROC-EigenIndicatorOutput_Seperate_Layers_889 0.5243870967741936
AUROC-EigenIndicatorOutput_Seperate_Layers_890 0.5081720430107526
AUROC-EigenIndicatorOutput_Seperate_Layers_891 0.486494623655914
AUROC-EigenIndicatorOutput_Seperate_Layers_892 0.502494623655914
AUROC-EigenIndicatorOutput_Seperate_Layers_893 0.4939870967741936
AUROC-EigenIndicatorOutput_Seperate_Layers_894 0.5515612903225806
AUROC-EigenIndicatorOutput_Seperate_Layers_895 0.4736688172043011
AUROC-EigenIndicatorOutput_Seperate_Layers_896 0.4643010752688172
AUROC-EigenIndicatorOutput_Seperate_Layers_897 0.44311397849462364
AUROC-EigenIndicatorOutput_Seperate_Layers_898 0.45543225806451615
AUROC-EigenIndicatorOutput_Seperate_Layers_899 0.4803354838709677
AUROC-EigenIndicatorOutput_Seperate_Layers_900 0.4959741935483871
AUROC-EigenIndicatorOutput_Seperate_Layers_901 0.4667096774193549
AUROC-EigenIndicatorOutput_Seperate_Layers_902 0.4992
AUROC-EigenIndicatorOutput_Seperate_Layers_903 0.4731612903225806
AUROC-EigenIndicatorOutput_Seperate_Layers_904 0.48521290322580646
AUROC-EigenIndicatorOutput_Seperate_Layers_905 0.4005677419354839
AUROC-EigenIndicatorOutput_Seperate_Layers_906 0.45678279569892477
AUROC-EigenIndicatorOutput_Seperate_Layers_907 0.4998193548387097
AUROC-EigenIndicatorOutput_Seperate_Layers_908 0.4513462365591398
AUROC-EigenIndicatorOutput_Seperate_Layers_909 0.4210924731182796
AUROC-EigenIndicatorOutput_Seperate_Layers_910 0.45538924731182795
AUROC-EigenIndicatorOutput_Seperate_Layers_911 0.4617806451612903
AUROC-EigenIndicatorOutput_Seperate_Layers_912 0.5053677419354838
AUROC-EigenIndicatorOutput_Seperate_Layers_913 0.4937548387096774
AUROC-EigenIndicatorOutput_Seperate_Layers_914 0.48460215053763445
AUROC-EigenIndicatorOutput_Seperate_Layers_915 0.5218494623655914
AUROC-EigenIndicatorOutput_Seperate_Layers_916 0.4971612903225806
AUROC-EigenIndicatorOutput_Seperate_Layers_917 0.5311741935483871
AUROC-EigenIndicatorOutput_Seperate_Layers_918 0.507552688172043
AUROC-EigenIndicatorOutput_Seperate_Layers_919 0.5201548387096775
AUROC-EigenIndicatorOutput_Seperate_Layers_920 0.5209204301075269
AUROC-EigenIndicatorOutput_Seperate_Layers_921 0.49015053763440863
AUROC-EigenIndicatorOutput_Seperate_Layers_922 0.533668817204301
AUROC-EigenIndicatorOutput_Seperate_Layers_923 0.48052473118279565
AUROC-EigenIndicatorOutput_Seperate_Layers_924 0.5130408602150538
AUROC-EigenIndicatorOutput_Seperate_Layers_925 0.5291010752688172
AUROC-EigenIndicatorOutput_Seperate_Layers_926 0.5146150537634409
AUROC-EigenIndicatorOutput_Seperate_Layers_927 0.4895483870967741
AUROC-EigenIndicatorOutput_Seperate_Layers_928 0.37704946236559145
AUROC-EigenIndicatorOutput_Seperate_Layers_929 0.33828817204301076
AUROC-EigenIndicatorOutput_Seperate_Layers_930 0.5185548387096774
AUROC-EigenIndicatorOutput_Seperate_Layers_931 0.5435096774193549
AUROC-EigenIndicatorOutput_Seperate_Layers_932 0.4559655913978494
AUROC-EigenIndicatorOutput_Seperate_Layers_933 0.4757247311827957
AUROC-EigenIndicatorOutput_Seperate_Layers_934 0.5126967741935484
AUROC-EigenIndicatorOutput_Seperate_Layers_935 0.5144602150537634
AUROC-EigenIndicatorOutput_Seperate_Layers_936 0.5207225806451613
AUROC-EigenIndicatorOutput_Seperate_Layers_937 0.5319569892473117
AUROC-EigenIndicatorOutput_Seperate_Layers_938 0.4316559139784946
AUROC-EigenIndicatorOutput_Seperate_Layers_939 0.44799139784946235
AUROC-EigenIndicatorOutput_Seperate_Layers_940 0.5655225806451614
AUROC-EigenIndicatorOutput_Seperate_Layers_941 0.5664172043010752
AUROC-EigenIndicatorOutput_Seperate_Layers_942 0.5058666666666667
AUROC-EigenIndicatorOutput_Seperate_Layers_943 0.4997849462365591
AUROC-EigenIndicatorOutput_Seperate_Layers_944 0.4739440860215054
AUROC-EigenIndicatorOutput_Seperate_Layers_945 0.48303655913978494
AUROC-EigenIndicatorOutput_Seperate_Layers_946 0.5199139784946236
AUROC-EigenIndicatorOutput_Seperate_Layers_947 0.4979698924731183
AUROC-EigenIndicatorOutput_Seperate_Layers_948 0.5828731182795699
AUROC-EigenIndicatorOutput_Seperate_Layers_949 0.5323182795698925
AUROC-EigenIndicatorOutput_Seperate_Layers_950 0.5868817204301076
AUROC-EigenIndicatorOutput_Seperate_Layers_951 0.44728602150537633
AUROC-EigenIndicatorOutput_Seperate_Layers_952 0.5643784946236559
AUROC-EigenIndicatorOutput_Seperate_Layers_953 0.5542279569892473
AUROC-EigenIndicatorOutput_Seperate_Layers_954 0.45946666666666663
AUROC-EigenIndicatorOutput_Seperate_Layers_955 0.5092043010752688
AUROC-EigenIndicatorOutput_Seperate_Layers_956 0.5317935483870967
AUROC-EigenIndicatorOutput_Seperate_Layers_957 0.5277333333333334
AUROC-EigenIndicatorOutput_Seperate_Layers_958 0.5709161290322581
AUROC-EigenIndicatorOutput_Seperate_Layers_959 0.41310107526881723
AUROC-EigenIndicatorOutput_Seperate_Layers_960 0.4675182795698925
AUROC-EigenIndicatorOutput_Seperate_Layers_961 0.4383569892473118
AUROC-EigenIndicatorOutput_Seperate_Layers_962 0.5276043010752688
AUROC-EigenIndicatorOutput_Seperate_Layers_963 0.5248602150537633
AUROC-EigenIndicatorOutput_Seperate_Layers_964 0.5071569892473119
AUROC-EigenIndicatorOutput_Seperate_Layers_965 0.46579784946236563
AUROC-EigenIndicatorOutput_Seperate_Layers_966 0.5061849462365591
AUROC-EigenIndicatorOutput_Seperate_Layers_967 0.4870279569892473
AUROC-EigenIndicatorOutput_Seperate_Layers_968 0.5381333333333332
AUROC-EigenIndicatorOutput_Seperate_Layers_969 0.5265462365591398
AUROC-EigenIndicatorOutput_Seperate_Layers_970 0.48843010752688176
AUROC-EigenIndicatorOutput_Seperate_Layers_971 0.4633032258064516
AUROC-EigenIndicatorOutput_Seperate_Layers_972 0.5104602150537635
AUROC-EigenIndicatorOutput_Seperate_Layers_973 0.5315870967741936
AUROC-EigenIndicatorOutput_Seperate_Layers_974 0.46104946236559136
AUROC-EigenIndicatorOutput_Seperate_Layers_975 0.4991741935483871
AUROC-EigenIndicatorOutput_Seperate_Layers_976 0.542116129032258
AUROC-EigenIndicatorOutput_Seperate_Layers_977 0.5436043010752689
AUROC-EigenIndicatorOutput_Seperate_Layers_978 0.5067870967741935
AUROC-EigenIndicatorOutput_Seperate_Layers_979 0.5654623655913978
AUROC-EigenIndicatorOutput_Seperate_Layers_980 0.5513290322580645
AUROC-EigenIndicatorOutput_Seperate_Layers_981 0.5210322580645161
AUROC-EigenIndicatorOutput_Seperate_Layers_982 0.5605505376344085
AUROC-EigenIndicatorOutput_Seperate_Layers_983 0.4993290322580645
AUROC-EigenIndicatorOutput_Seperate_Layers_984 0.4296774193548387
AUROC-EigenIndicatorOutput_Seperate_Layers_985 0.5113548387096775
AUROC-EigenIndicatorOutput_Seperate_Layers_986 0.5262795698924732
AUROC-EigenIndicatorOutput_Seperate_Layers_987 0.4809806451612903
AUROC-EigenIndicatorOutput_Seperate_Layers_988 0.5140301075268817
AUROC-EigenIndicatorOutput_Seperate_Layers_989 0.5229849462365591
AUROC-EigenIndicatorOutput_Seperate_Layers_990 0.5369118279569893
AUROC-EigenIndicatorOutput_Seperate_Layers_991 0.5705032258064516
AUROC-EigenIndicatorOutput_Seperate_Layers_992 0.480352688172043
AUROC-EigenIndicatorOutput_Seperate_Layers_993 0.37806451612903225
AUROC-EigenIndicatorOutput_Seperate_Layers_994 0.5173677419354838
AUROC-EigenIndicatorOutput_Seperate_Layers_995 0.4339182795698925
AUROC-EigenIndicatorOutput_Seperate_Layers_996 0.5235698924731182
AUROC-EigenIndicatorOutput_Seperate_Layers_997 0.530563440860215
AUROC-EigenIndicatorOutput_Seperate_Layers_998 0.4812215053763441
AUROC-EigenIndicatorOutput_Seperate_Layers_999 0.5368344086021506
AUROC-EigenIndicatorOutput_Seperate_Layers_1000 0.5777548387096774
AUROC-EigenIndicatorOutput_Seperate_Layers_1001 0.4933075268817204
AUROC-EigenIndicatorOutput_Seperate_Layers_1002 0.5779956989247311
AUROC-EigenIndicatorOutput_Seperate_Layers_1003 0.5058924731182797
AUROC-EigenIndicatorOutput_Seperate_Layers_1004 0.4499440860215054
AUROC-EigenIndicatorOutput_Seperate_Layers_1005 0.4576602150537634
AUROC-EigenIndicatorOutput_Seperate_Layers_1006 0.5000430107526882
AUROC-EigenIndicatorOutput_Seperate_Layers_1007 0.4658408602150538
AUROC-EigenIndicatorOutput_Seperate_Layers_1008 0.4665806451612904
AUROC-EigenIndicatorOutput_Seperate_Layers_1009 0.5110881720430107
AUROC-EigenIndicatorOutput_Seperate_Layers_1010 0.5092731182795699
AUROC-EigenIndicatorOutput_Seperate_Layers_1011 0.5246709677419354
AUROC-EigenIndicatorOutput_Seperate_Layers_1012 0.42500645161290324
AUROC-EigenIndicatorOutput_Seperate_Layers_1013 0.5308731182795698
AUROC-EigenIndicatorOutput_Seperate_Layers_1014 0.48387956989247305
AUROC-EigenIndicatorOutput_Seperate_Layers_1015 0.560541935483871
AUROC-EigenIndicatorOutput_Seperate_Layers_1016 0.4861419354838709
AUROC-EigenIndicatorOutput_Seperate_Layers_1017 0.5253849462365592
AUROC-EigenIndicatorOutput_Seperate_Layers_1018 0.5136172043010753
AUROC-EigenIndicatorOutput_Seperate_Layers_1019 0.5175741935483871
AUROC-EigenIndicatorOutput_Seperate_Layers_1020 0.5658408602150538
AUROC-EigenIndicatorOutput_Seperate_Layers_1021 0.5375569892473118
AUROC-EigenIndicatorOutput_Seperate_Layers_1022 0.45746236559139786
AUROC-EigenIndicatorOutput_Seperate_Layers_1023 0.5716043010752688
AUROC-EigenIndicatorOutput_Seperate_Layers_0 0.43492473118279573
AUROC-EigenIndicatorOutput_Seperate_Layers_1 0.3991569892473118
AUROC-EigenIndicatorOutput_Seperate_Layers_2 0.5238623655913979
AUROC-EigenIndicatorOutput_Seperate_Layers_3 0.5343569892473118
AUROC-EigenIndicatorOutput_Seperate_Layers_4 0.5026494623655915
AUROC-EigenIndicatorOutput_Seperate_Layers_5 0.5031483870967742
AUROC-EigenIndicatorOutput_Seperate_Layers_6 0.5365935483870968
AUROC-EigenIndicatorOutput_Seperate_Layers_7 0.5249720430107527
AUROC-EigenIndicatorOutput_Seperate_Layers_8 0.5407311827956989
AUROC-EigenIndicatorOutput_Seperate_Layers_9 0.540352688172043
AUROC-EigenIndicatorOutput_Seperate_Layers_10 0.5166193548387097
AUROC-EigenIndicatorOutput_Seperate_Layers_11 0.5048860215053763
AUROC-EigenIndicatorOutput_Seperate_Layers_12 0.5040344086021505
AUROC-EigenIndicatorOutput_Seperate_Layers_13 0.48078279569892474
AUROC-EigenIndicatorOutput_Seperate_Layers_14 0.49978494623655917
AUROC-EigenIndicatorOutput_Seperate_Layers_15 0.46503225806451615
AUROC-EigenIndicatorOutput_Seperate_Layers_16 0.5190451612903226
AUROC-EigenIndicatorOutput_Seperate_Layers_17 0.5218236559139785
AUROC-EigenIndicatorOutput_Seperate_Layers_18 0.5105806451612904
AUROC-EigenIndicatorOutput_Seperate_Layers_19 0.5234150537634409
AUROC-EigenIndicatorOutput_Seperate_Layers_20 0.530916129032258
AUROC-EigenIndicatorOutput_Seperate_Layers_21 0.5360172043010752
AUROC-EigenIndicatorOutput_Seperate_Layers_22 0.5672258064516128
AUROC-EigenIndicatorOutput_Seperate_Layers_23 0.49688602150537636
AUROC-EigenIndicatorOutput_Seperate_Layers_24 0.5242838709677419
AUROC-EigenIndicatorOutput_Seperate_Layers_25 0.5286193548387097
AUROC-EigenIndicatorOutput_Seperate_Layers_26 0.5199483870967742
AUROC-EigenIndicatorOutput_Seperate_Layers_27 0.5465462365591398
AUROC-EigenIndicatorOutput_Seperate_Layers_28 0.5154666666666666
AUROC-EigenIndicatorOutput_Seperate_Layers_29 0.5173677419354838
AUROC-EigenIndicatorOutput_Seperate_Layers_30 0.5286967741935484
AUROC-EigenIndicatorOutput_Seperate_Layers_31 0.4899612903225806
rho_Perplexity: -0.012329638894451931
rho_Energy: -0.24390903438755257
